<?xml version="1.0" encoding="UTF-8"?>
<!-- Generated by org.testng.reporters.JUnitXMLReporter -->
<testsuite hostname="DESKTOP-21DTESI" ignored="6" name="Command line test" tests="3" failures="3" timestamp="11 Mar 2024 20:02:04 GMT" time="18.136" errors="0">
  <testcase name="homePageTitleTest" time="0.0" classname="com.qa.opencart.tests.HomePageTest">
    <failure type="java.lang.NullPointerException">
      <![CDATA[java.lang.NullPointerException
at com.qa.opencart.tests.HomePageTest.homePageTitleTest(HomePageTest.java:12)
... Removed 35 stack frames]]>
    </failure>
  </testcase> <!-- homePageTitleTest -->
  <testcase name="homePageURLTest" time="0.0" classname="com.qa.opencart.tests.HomePageTest">
    <failure type="java.lang.NullPointerException">
      <![CDATA[java.lang.NullPointerException
at com.qa.opencart.tests.HomePageTest.homePageURLTest(HomePageTest.java:17)
... Removed 35 stack frames]]>
    </failure>
  </testcase> <!-- homePageURLTest -->
  <testcase name="searchTest" time="0.001" classname="com.qa.opencart.tests.HomePageTest">
    <failure type="java.lang.NullPointerException">
      <![CDATA[java.lang.NullPointerException
at com.qa.opencart.tests.HomePageTest.searchTest(HomePageTest.java:22)
... Removed 35 stack frames]]>
    </failure>
  </testcase> <!-- searchTest -->
  <testcase name="@BeforeTest setup" time="0.0" classname="com.qa.opencart.base.BaseTest">
    <ignored/>
  </testcase> <!-- @BeforeTest setup -->
  <testcase name="@BeforeTest setup" time="0.0" classname="com.qa.opencart.base.BaseTest">
    <ignored/>
  </testcase> <!-- @BeforeTest setup -->
  <testcase name="@BeforeTest setup" time="0.0" classname="com.qa.opencart.base.BaseTest">
    <ignored/>
  </testcase> <!-- @BeforeTest setup -->
  <testcase name="@AfterTest tearDown" time="0.0" classname="com.qa.opencart.base.BaseTest">
    <ignored/>
  </testcase> <!-- @AfterTest tearDown -->
  <testcase name="@AfterTest tearDown" time="0.0" classname="com.qa.opencart.base.BaseTest">
    <ignored/>
  </testcase> <!-- @AfterTest tearDown -->
  <testcase name="@AfterTest tearDown" time="0.0" classname="com.qa.opencart.base.BaseTest">
    <ignored/>
  </testcase> <!-- @AfterTest tearDown -->
</testsuite> <!-- Command line test -->
